<?xml version="1.0" encoding="UTF-8"?>
<testsuite name="myapp.MyAppTest" time="0.86" tests="6" errors="0" skipped="0" failures="1">
  <properties>
[...]
</properties>
  <testcase name="testViaRestUsingRestTempate" classname="myapp.MyAppTest" time="0.672"/>
  <testcase name="testByCallingControllersMethod" classname="myapp.MyAppTest" time="0"/>
  <testcase name="testViaRestUsingHttpClient" classname="myapp.MyAppTest" time="0.063">
    <failure message="expected:&lt;{&quot;id&quot;:12[4]}&gt; but was:&lt;{&quot;id&quot;:12[3]}&gt;" type="org.junit.ComparisonFailure"><![CDATA[org.junit.ComparisonFailure: expected:<{"id":12[4]}> but was:<{"id":12[3]}>
	at org.junit.Assert.assertEquals(Assert.java:115)
	at org.junit.Assert.assertEquals(Assert.java:144)
	at myapp.MyAppTest.testViaRestUsingHttpClient(MyAppTest.java:81)
]]></failure>
    <system-out><![CDATA[11:15:19.886 [main] DEBUG org.apache.http.client.protocol.RequestAddCookies - CookieSpec selected: default
11:15:19.917 [main] DEBUG org.apache.http.client.protocol.RequestAuthCache - Auth cache not set in the context
11:15:19.917 [main] DEBUG org.apache.http.impl.conn.PoolingHttpClientConnectionManager - Connection request: [route: {}->http://localhost:8080][total kept alive: 0; route allocated: 0 of 2; total allocated: 0 of 20]
11:15:19.917 [main] DEBUG org.apache.http.impl.conn.PoolingHttpClientConnectionManager - Connection leased: [id: 1][route: {}->http://localhost:8080][total kept alive: 0; route allocated: 1 of 2; total allocated: 1 of 20]
11:15:19.917 [main] DEBUG org.apache.http.impl.execchain.MainClientExec - Opening connection {}->http://localhost:8080
11:15:19.917 [main] DEBUG org.apache.http.impl.conn.DefaultHttpClientConnectionOperator - Connecting to localhost/127.0.0.1:8080
11:15:19.917 [main] DEBUG org.apache.http.impl.conn.DefaultHttpClientConnectionOperator - Connection established 127.0.0.1:61358<->127.0.0.1:8080
11:15:19.917 [main] DEBUG org.apache.http.impl.execchain.MainClientExec - Executing request GET /test HTTP/1.1
11:15:19.917 [main] DEBUG org.apache.http.impl.execchain.MainClientExec - Target auth state: UNCHALLENGED
11:15:19.917 [main] DEBUG org.apache.http.impl.execchain.MainClientExec - Proxy auth state: UNCHALLENGED
11:15:19.917 [main] DEBUG org.apache.http.headers - http-outgoing-1 >> GET /test HTTP/1.1
11:15:19.917 [main] DEBUG org.apache.http.headers - http-outgoing-1 >> Host: localhost:8080
11:15:19.917 [main] DEBUG org.apache.http.headers - http-outgoing-1 >> Connection: Keep-Alive
11:15:19.917 [main] DEBUG org.apache.http.headers - http-outgoing-1 >> User-Agent: Apache-HttpClient/4.5.3 (Java/1.8.0_45)
11:15:19.917 [main] DEBUG org.apache.http.headers - http-outgoing-1 >> Accept-Encoding: gzip,deflate
11:15:19.917 [main] DEBUG org.apache.http.wire - http-outgoing-1 >> "GET /test HTTP/1.1[\r][\n]"
11:15:19.917 [main] DEBUG org.apache.http.wire - http-outgoing-1 >> "Host: localhost:8080[\r][\n]"
11:15:19.917 [main] DEBUG org.apache.http.wire - http-outgoing-1 >> "Connection: Keep-Alive[\r][\n]"
11:15:19.917 [main] DEBUG org.apache.http.wire - http-outgoing-1 >> "User-Agent: Apache-HttpClient/4.5.3 (Java/1.8.0_45)[\r][\n]"
11:15:19.917 [main] DEBUG org.apache.http.wire - http-outgoing-1 >> "Accept-Encoding: gzip,deflate[\r][\n]"
11:15:19.917 [main] DEBUG org.apache.http.wire - http-outgoing-1 >> "[\r][\n]"
11:15:19.917 [main] DEBUG org.apache.http.wire - http-outgoing-1 << "HTTP/1.1 200 [\r][\n]"
11:15:19.917 [main] DEBUG org.apache.http.wire - http-outgoing-1 << "Content-Type: text/plain;charset=UTF-8[\r][\n]"
11:15:19.917 [main] DEBUG org.apache.http.wire - http-outgoing-1 << "Content-Length: 10[\r][\n]"
11:15:19.917 [main] DEBUG org.apache.http.wire - http-outgoing-1 << "Date: Thu, 13 Apr 2017 08:15:19 GMT[\r][\n]"
11:15:19.917 [main] DEBUG org.apache.http.wire - http-outgoing-1 << "[\r][\n]"
11:15:19.917 [main] DEBUG org.apache.http.wire - http-outgoing-1 << "{"id":123}"
11:15:19.917 [main] DEBUG org.apache.http.headers - http-outgoing-1 << HTTP/1.1 200 
11:15:19.917 [main] DEBUG org.apache.http.headers - http-outgoing-1 << Content-Type: text/plain;charset=UTF-8
11:15:19.917 [main] DEBUG org.apache.http.headers - http-outgoing-1 << Content-Length: 10
11:15:19.917 [main] DEBUG org.apache.http.headers - http-outgoing-1 << Date: Thu, 13 Apr 2017 08:15:19 GMT
11:15:19.917 [main] DEBUG org.apache.http.impl.execchain.MainClientExec - Connection can be kept alive indefinitely
Response Code : 200
11:15:19.917 [main] DEBUG org.apache.http.impl.conn.PoolingHttpClientConnectionManager - Connection [id: 1][route: {}->http://localhost:8080] can be kept alive indefinitely
11:15:19.917 [main] DEBUG org.apache.http.impl.conn.PoolingHttpClientConnectionManager - Connection released: [id: 1][route: {}->http://localhost:8080][total kept alive: 1; route allocated: 1 of 2; total allocated: 1 of 20]
]]></system-out>
  </testcase>
  <testcase name="test" classname="myapp.MyAppTest" time="0"/>
  <testcase name="hello" classname="myapp.MyAppTest" time="0"/>
  <testcase name="testTHatHttpStatusOkAndBodyCOrrect" classname="myapp.MyAppTest" time="0.125"/>
</testsuite>